## PRP-011 Implementation Complete

### Summary of Changes

**Files Modified:**
1. `40k/autoloads/RulesEngine.gd` - Core implementation
2. `40k/scripts/ShootingController.gd` - UI display updates

**Files Created:**
1. `40k/tests/unit/test_sustained_hits.gd` - Unit tests (40 tests, all passing)

### Implementation Details

#### RulesEngine.gd Changes
- Added 5 new test weapons: `sustained_bolter`, `sustained_2_bolter`, `sustained_d3_bolter`, `lethal_sustained_bolter`
- Added `get_sustained_hits_value()` function - parses Sustained Hits X or Sustained Hits D3 from weapon keywords/special_rules
- Added `_parse_sustained_hits_from_string()` helper - regex parser for sustained hits values
- Added `has_sustained_hits()` helper - boolean check for sustained hits
- Added `roll_sustained_hits()` function - generates bonus hits including D3 conversion
- Added `get_sustained_hits_display()` function - returns UI display string like "SH 1" or "SH D3"
- Modified `_resolve_assignment_until_wounds()` and `_resolve_assignment()` to:
  - Calculate sustained bonus hits on critical hits
  - Track `total_hits_for_wounds = hits + sustained_bonus_hits`
  - Ensure bonus hits roll to wound (not auto-wound)
  - Handle Lethal Hits + Sustained Hits interaction correctly

#### ShootingController.gd Changes
- Added `[SH X]` indicator to weapon tree display
- Added dice log display for Sustained Hits indicator
- Added dice log display for bonus hits generated

### Acceptance Criteria Verification

| Criterion | Status |
|-----------|--------|
| Critical hits (unmodified 6s) generate bonus hits | ✅ |
| Sustained Hits X generates exactly X bonus hits per critical | ✅ |
| Sustained Hits D3 rolls for each critical | ✅ |
| All hits (original + sustained) roll to wound | ✅ |
| Dice log shows "Sustained Hits: +X bonus hits" | ✅ |
| UI shows [SH X] indicator for Sustained Hits weapons | ✅ |
| Works correctly with Lethal Hits | ✅ |
| Multiplayer sync works correctly | ✅ (inherent) |

### Test Results
- **Sustained Hits Tests:** 40/40 passed
- **Lethal Hits Tests:** 23/23 passed (no regressions)
- **Syntax Check:** Passed

### Key Rules Implementation
- Critical Hit = unmodified roll of 6 (before modifiers)
- Sustained Hits 1: +1 hit per crit
- Sustained Hits 2: +2 hits per crit  
- Sustained Hits D3: Roll D3 per crit (1-2→1, 3-4→2, 5-6→3)
- Bonus hits auto-hit but must roll to wound
- Lethal Hits + Sustained Hits: crits auto-wound via Lethal Hits, bonus hits roll to wound
